\BOOKMARK [1][-]{titlepage.1}{\376\377\134\001\227\142}{}% 1
\BOOKMARK [1][-]{cabstract.1}{\376\377\144\130\211\201}{}% 2
\BOOKMARK [1][-]{eabstract.1}{\376\377\000A\000b\000s\000t\000r\000a\000c\000t}{}% 3
\BOOKMARK [1][-]{contents.1}{\376\377\166\356\137\125}{}% 4
\BOOKMARK [0][-]{chapter*.6}{\376\377\136\217\212\000}{}% 5
\BOOKMARK [0][-]{chapter.1}{\376\377\145\271\154\325\151\202\217\360}{}% 6
\BOOKMARK [1][-]{section.1.1}{\376\377\000P\000a\000t\000l\166\204\217\154\143\142\150\106\147\266}{chapter.1}% 7
\BOOKMARK [2][-]{subsection.1.1.1}{\376\377\210\150\213\355\116\111\116\016\221\314\213\355\116\111}{section.1.1}% 8
\BOOKMARK [1][-]{section.1.2}{\376\377\000P\000a\000t\000l\166\204\217\154\143\142\155\101\172\013}{chapter.1}% 9
\BOOKMARK [1][-]{section.1.3}{\376\377\210\150\221\314\213\355\116\111\116\113\225\364\166\204\121\163\174\373}{chapter.1}% 10
\BOOKMARK [0][-]{chapter.2}{\376\377\213\355\137\142\000\050\000S\000y\000n\000t\000a\000x\000\051}{}% 11
\BOOKMARK [1][-]{section.2.1}{\376\377\116\055\221\317\176\247\000J\000a\000v\000a\000\040\000\050\000M\000i\000d\000d\000l\000e\000w\000e\000i\000g\000h\000t\000\040\000J\000a\000v\000a\000\051}{chapter.2}% 12
\BOOKMARK [1][-]{section.2.2}{\376\377\000P\000a\000t\000l\213\355\137\142}{chapter.2}% 13
\BOOKMARK [0][-]{chapter.3}{\376\377\210\150\213\355\116\111\000\050\000A\000b\000s\000t\000r\000a\000c\000t\000\040\000S\000e\000m\000a\000n\000t\000i\000c\000s\000\051}{}% 14
\BOOKMARK [0][-]{chapter.4}{\376\377\221\314\213\355\116\111\000\050\000A\000l\000g\000o\000r\000i\000t\000h\000m\000i\000c\000\040\000S\000e\000m\000a\000n\000t\000i\000c\000s\000\051}{}% 15
\BOOKMARK [1][-]{section.4.1}{\376\377\221\314\213\355\116\111\173\227\154\325\155\101\172\013}{chapter.4}% 16
\BOOKMARK [1][-]{section.4.2}{\376\377\122\006\147\220}{chapter.4}% 17
\BOOKMARK [1][-]{section.4.3}{\376\377\123\071\221\115}{chapter.4}% 18
\BOOKMARK [2][-]{subsection.4.3.1}{\376\377\123\071\221\115\200\005}{section.4.3}% 19
\BOOKMARK [2][-]{subsection.4.3.2}{\376\377\145\160\143\156\155\101\116\012\166\204\172\013\136\217\123\071\221\115\144\315\117\134}{section.4.3}% 20
\BOOKMARK [1][-]{section.4.4}{\376\377\123\071\221\115\200\005\143\007\133\374\116\013\166\204\172\013\136\217\171\373\122\250}{chapter.4}% 21
\BOOKMARK [1][-]{section.4.5}{\376\377\116\343\170\001\117\356\145\071}{chapter.4}% 22
\BOOKMARK [1][-]{section.4.6}{\376\377\210\150\221\314\213\355\116\111\116\000\201\364\140\047\166\204\213\301\146\016}{chapter.4}% 23
\BOOKMARK [0][-]{chapter.5}{\376\377\133\236\232\214\213\304\117\060}{}% 24
\BOOKMARK [0][-]{chapter.6}{\376\377\166\370\121\163\135\345\117\134\116\016\147\052\147\145\134\125\147\033}{}% 25
\BOOKMARK [0][-]{chapter*.29}{\376\377\176\323\213\272}{}% 26
\BOOKMARK [0][-]{appendix*.31}{\376\377\123\302\200\003\145\207\163\056}{}% 27
\BOOKMARK [0][-]{appendix.A}{\376\377\226\104\116\366}{}% 28
\BOOKMARK [0][-]{appendix*.32}{\376\377\201\364\214\042}{}% 29
